                              1 ;--------------------------------------------------------
                              2 ; File Created by SDCC : free open source ANSI-C Compiler
                              3 ; Version 2.9.0 #5416 (Apr  7 2010) (MINGW32)
                              4 ; This file was generated Sun Sep 22 13:16:31 2019
                              5 ;--------------------------------------------------------
                              6 	.module map
                              7 	.optsdcc -mgbz80
                              8 	
                              9 ;--------------------------------------------------------
                             10 ; Public variables in this module
                             11 ;--------------------------------------------------------
                             12 	.globl _f_DisplayMap
                             13 ;--------------------------------------------------------
                             14 ;  ram data
                             15 ;--------------------------------------------------------
                             16 	.area _DATA
                             17 ;--------------------------------------------------------
                             18 ; overlayable items in  ram 
                             19 ;--------------------------------------------------------
                             20 	.area _OVERLAY
                             21 ;--------------------------------------------------------
                             22 ; external initialized ram data
                             23 ;--------------------------------------------------------
                             24 ;--------------------------------------------------------
                             25 ; global & static initialisations
                             26 ;--------------------------------------------------------
                             27 	.area _HOME
                             28 	.area _GSINIT
                             29 	.area _GSFINAL
                             30 	.area _GSINIT
                             31 ;--------------------------------------------------------
                             32 ; Home
                             33 ;--------------------------------------------------------
                             34 	.area _HOME
                             35 	.area _HOME
                             36 ;--------------------------------------------------------
                             37 ; code
                             38 ;--------------------------------------------------------
                             39 	.area _CODE
                             40 ;src/map.c:21: void f_DisplayMap(
                             41 ;	---------------------------------
                             42 ; Function f_DisplayMap
                             43 ; ---------------------------------
   0000                      44 _f_DisplayMap:
                             45 	
   0000 F5                   46 	push	af
   0001 F5                   47 	push	af
                             48 ;src/map.c:29: i = 0;
   0002 F8 03                49 	lda	hl,3(sp)
   0004 36 00                50 	ld	(hl),#0x00
                             51 ;src/map.c:31: pointerOnMap = mapAddress;
   0006 F8 06                52 	lda	hl,6(sp)
   0008 4E                   53 	ld	c,(hl)
   0009 23                   54 	inc	hl
   000A 46                   55 	ld	b,(hl)
                             56 ;src/map.c:33: while(j != _DungeonMapHeight)
   000B F8 00                57 	lda	hl,0(sp)
   000D 71                   58 	ld	(hl),c
   000E 23                   59 	inc	hl
   000F 70                   60 	ld	(hl),b
   0010 23                   61 	inc	hl
   0011 36 00                62 	ld	(hl),#0x00
   0013                      63 00103$:
   0013 F8 02                64 	lda	hl,2(sp)
   0015 7E                   65 	ld	a,(hl)
   0016 D6 10                66 	sub	a,#0x10
   0018 CAr6Fs00             67 	jp	Z,00106$
   001B                      68 00112$:
                             69 ;src/map.c:35: set_bkg_tiles(i, j, 2, 2, (metaTileAddress + *(pointerOnMap)*4));
   001B F8 00                70 	lda	hl,0(sp)
   001D 5E                   71 	ld	e,(hl)
   001E 23                   72 	inc	hl
   001F 56                   73 	ld	d,(hl)
   0020 1A                   74 	ld	a,(de)
   0021 47                   75 	ld	b,a
   0022 48                   76 	ld	c,b
   0023 06 00                77 	ld	b,#0x00
   0025 CB 21                78 	sla	c
   0027 CB 10                79 	rl	b
   0029 CB 21                80 	sla	c
   002B CB 10                81 	rl	b
   002D F8 08                82 	lda	hl,8(sp)
   002F 2A                   83 	ld	a,(hl+)
   0030 66                   84 	ld	h,(hl)
   0031 6F                   85 	ld	l,a
   0032 09                   86 	add	hl,bc
   0033 4D                   87 	ld	c,l
   0034 44                   88 	ld	b,h
   0035 C5                   89 	push	bc
   0036 21 02 02             90 	ld	hl,#0x0202
   0039 E5                   91 	push	hl
   003A F8 06                92 	lda	hl,6(sp)
   003C 7E                   93 	ld	a,(hl)
   003D F5                   94 	push	af
   003E 33                   95 	inc	sp
   003F 23                   96 	inc	hl
   0040 7E                   97 	ld	a,(hl)
   0041 F5                   98 	push	af
   0042 33                   99 	inc	sp
   0043 CDr00s00            100 	call	_set_bkg_tiles
   0046 E8 06               101 	lda	sp,6(sp)
                            102 ;src/map.c:37: pointerOnMap++;
   0048 F8 00               103 	lda	hl,0(sp)
   004A 34                  104 	inc	(hl)
   004B 20 02               105 	jr	NZ,00115$
   004D 23                  106 	inc	hl
   004E 34                  107 	inc	(hl)
   004F                     108 00115$:
                            109 ;src/map.c:38: i += 2;
   004F F8 03               110 	lda	hl,3(sp)
   0051 34                  111 	inc	(hl)
   0052 34                  112 	inc	(hl)
                            113 ;src/map.c:39: if(i%_DungeonMapWidth == 0)
   0053 3E 14               114 	ld	a,#0x14
   0055 F5                  115 	push	af
   0056 33                  116 	inc	sp
   0057 7E                  117 	ld	a,(hl)
   0058 F5                  118 	push	af
   0059 33                  119 	inc	sp
   005A CDr00s00            120 	call	__moduchar_rrx_s
   005D E8 02               121 	lda	sp,2(sp)
   005F 4B                  122 	ld	c,e
   0060 AF                  123 	xor	a,a
   0061 B1                  124 	or	a,c
   0062 C2r13s00            125 	jp	NZ,00103$
                            126 ;src/map.c:41: i = 0;
   0065 F8 03               127 	lda	hl,3(sp)
   0067 36 00               128 	ld	(hl),#0x00
                            129 ;src/map.c:42: j += 2;
   0069 2B                  130 	dec	hl
   006A 34                  131 	inc	(hl)
   006B 34                  132 	inc	(hl)
   006C C3r13s00            133 	jp	00103$
   006F                     134 00106$:
   006F E8 04               135 	lda	sp,4(sp)
   0071 C9                  136 ret
                            137 	.area _CODE
                            138 	.area _CABS
