                              1 ;--------------------------------------------------------
                              2 ; File Created by SDCC : free open source ANSI-C Compiler
                              3 ; Version 2.9.0 #5416 (Apr  7 2010) (MINGW32)
                              4 ; This file was generated Sun Feb 10 22:24:29 2019
                              5 ;--------------------------------------------------------
                              6 	.module room
                              7 	.optsdcc -mgbz80
                              8 	
                              9 ;--------------------------------------------------------
                             10 ; Public variables in this module
                             11 ;--------------------------------------------------------
                             12 	.globl _area_tiles_palette
                             13 	.globl _area_tiles
                             14 ;--------------------------------------------------------
                             15 ;  ram data
                             16 ;--------------------------------------------------------
                             17 	.area _DATA
   0000                      18 _area_tiles::
   0000                      19 	.ds 80
                             20 ;--------------------------------------------------------
                             21 ; overlayable items in  ram 
                             22 ;--------------------------------------------------------
                             23 	.area _OVERLAY
                             24 ;--------------------------------------------------------
                             25 ; external initialized ram data
                             26 ;--------------------------------------------------------
                             27 ;--------------------------------------------------------
                             28 ; global & static initialisations
                             29 ;--------------------------------------------------------
                             30 	.area _HOME
                             31 	.area _GSINIT
                             32 	.area _GSFINAL
                             33 	.area _GSINIT
                             34 ;src/room.c:28: T_U08 area_tiles[] =
   0000 21r00s00             35 	ld	hl,#_area_tiles
   0003 CDr00s00             36 	call	__initrleblock
   0006 2D                   37 	.db	45
   0007 EF 10 77 88 34 4B    38 	.db	0xEF, 0x10, 0x77, 0x88, 0x34, 0x4B, 0x80, 0x3C
        80 3C
   000F F3 08 E7 10 CF 20    39 	.db	0xF3, 0x08, 0xE7, 0x10, 0xCF, 0x20, 0xCF, 0x20
        CF 20
   0017 FF FF FF 00 44 99    40 	.db	0xFF, 0xFF, 0xFF, 0x00, 0x44, 0x99, 0x44, 0x99
        44 99
   001F 44 99 44 99 44 99    41 	.db	0x44, 0x99, 0x44, 0x99, 0x44, 0x99, 0x44, 0x99
        44 99
   0027 44 99 44 99 44 99    42 	.db	0x44, 0x99, 0x44, 0x99, 0x44, 0x99, 0x00, 0xFF
        00 FF
   002F FF 00 00 FF 00       43 	.db	0xFF, 0x00, 0x00, 0xFF, 0x00
   0034 EB FF                44 	.db	#-21,#0xFF
   0036 04                   45 	.db	4
   0037 00 20 FF 80          46 	.db	0x00, 0x20, 0xFF, 0x80
   003B FB FF                47 	.db	#-5,#0xFF
   003D 05                   48 	.db	5
   003E 4B 20 CF CF FF       49 	.db	0x4B, 0x20, 0xCF, 0xCF, 0xFF
   0043 00                   50 	.db	0
                             51 ;--------------------------------------------------------
                             52 ; Home
                             53 ;--------------------------------------------------------
                             54 	.area _HOME
                             55 	.area _HOME
                             56 ;--------------------------------------------------------
                             57 ; code
                             58 ;--------------------------------------------------------
                             59 	.area _CODE
                             60 	.area _CODE
   0000                      61 _area_tiles_palette:
   0000 1E 47                62 	.dw #0x471E
   0002 FF 25                63 	.dw #0x25FF
   0004 0D 05                64 	.dw #0x050D
   0006 43 00                65 	.dw #0x0043
   0008 9C 73                66 	.dw #0x739C
   000A 94 52                67 	.dw #0x5294
   000C 4A 29                68 	.dw #0x294A
   000E 42 08                69 	.dw #0x0842
   0010 9C 73                70 	.dw #0x739C
   0012 94 52                71 	.dw #0x5294
   0014 4A 29                72 	.dw #0x294A
   0016 42 08                73 	.dw #0x0842
   0018 9C 73                74 	.dw #0x739C
   001A 94 52                75 	.dw #0x5294
   001C 4A 29                76 	.dw #0x294A
   001E 42 08                77 	.dw #0x0842
   0020 9C 73                78 	.dw #0x739C
   0022 94 52                79 	.dw #0x5294
   0024 4A 29                80 	.dw #0x294A
   0026 42 08                81 	.dw #0x0842
                             82 	.area _CABS
