                              1 ;--------------------------------------------------------
                              2 ; File Created by SDCC : free open source ANSI-C Compiler
                              3 ; Version 2.9.0 #5416 (Apr  7 2010) (MINGW32)
                              4 ; This file was generated Sun Feb 10 22:24:29 2019
                              5 ;--------------------------------------------------------
                              6 	.module room_map
                              7 	.optsdcc -mgbz80
                              8 	
                              9 ;--------------------------------------------------------
                             10 ; Public variables in this module
                             11 ;--------------------------------------------------------
                             12 	.globl _map_room
                             13 	.globl _metatiles
                             14 ;--------------------------------------------------------
                             15 ;  ram data
                             16 ;--------------------------------------------------------
                             17 	.area _DATA
   0000                      18 _metatiles::
   0000                      19 	.ds 12
   000C                      20 _map_room::
   000C                      21 	.ds 80
                             22 ;--------------------------------------------------------
                             23 ; overlayable items in  ram 
                             24 ;--------------------------------------------------------
                             25 	.area _OVERLAY
                             26 ;--------------------------------------------------------
                             27 ; external initialized ram data
                             28 ;--------------------------------------------------------
                             29 ;--------------------------------------------------------
                             30 ; global & static initialisations
                             31 ;--------------------------------------------------------
                             32 	.area _HOME
                             33 	.area _GSINIT
                             34 	.area _GSFINAL
                             35 	.area _GSINIT
                             36 ;src/room_map.c:28: T_U08 metatiles[] =
   0000 21r00s00             37 	ld	hl,#_metatiles
   0003 CDr00s00             38 	call	__initrleblock
   0006 0C                   39 	.db	12
   0007 03 03 03 03 01 01    40 	.db	0x03, 0x03, 0x03, 0x03, 0x01, 0x01, 0x02, 0x02
        02 02
   000F 00 00 00 00          41 	.db	0x00, 0x00, 0x00, 0x00
   0013 00                   42 	.db	0
                             43 ;src/room_map.c:35: T_U08 map_room[] =
   0014 21r0Cs00             44 	ld	hl,#_map_room
   0017 CDr00s00             45 	call	__initrleblock
   001A 01                   46 	.db	1
   001B 00                   47 	.db	0x00
   001C F8 01                48 	.db	#-8,#0x01
   001E 02                   49 	.db	2
   001F 00 00                50 	.db	0x00, 0x00
   0021 F8 02                51 	.db	#-8,#0x02
   0023 02                   52 	.db	2
   0024 00 00                53 	.db	0x00, 0x00
   0026 F8 02                54 	.db	#-8,#0x02
   0028 02                   55 	.db	2
   0029 00 00                56 	.db	0x00, 0x00
   002B F8 02                57 	.db	#-8,#0x02
   002D 02                   58 	.db	2
   002E 00 00                59 	.db	0x00, 0x00
   0030 F8 02                60 	.db	#-8,#0x02
   0032 02                   61 	.db	2
   0033 00 00                62 	.db	0x00, 0x00
   0035 F8 02                63 	.db	#-8,#0x02
   0037 02                   64 	.db	2
   0038 00 00                65 	.db	0x00, 0x00
   003A F8 02                66 	.db	#-8,#0x02
   003C F5 00                67 	.db	#-11,#0x00
   003E 00                   68 	.db	0
                             69 ;--------------------------------------------------------
                             70 ; Home
                             71 ;--------------------------------------------------------
                             72 	.area _HOME
                             73 	.area _HOME
                             74 ;--------------------------------------------------------
                             75 ; code
                             76 ;--------------------------------------------------------
                             77 	.area _CODE
                             78 	.area _CODE
                             79 	.area _CABS
